************* Module /home/u2189953/Projects/ska-tmc-simulators/.pylintrc
.pylintrc:1: [E0015(unrecognized-option), ] Unrecognized option found: profile, files-output, comment, zope, no-space-check, required-attributes, bad-functions, ignore-iface-methods


Report
======
737 statements analysed.

Statistics by type
------------------

+---------+-------+-----------+-----------+------------+---------+
|type     |number |old number |difference |%documented |%badname |
+=========+=======+===========+===========+============+=========+
|module   |17     |32         |-15.00     |100.00      |0.00     |
+---------+-------+-----------+-----------+------------+---------+
|class    |8      |26         |-18.00     |100.00      |0.00     |
+---------+-------+-----------+-----------+------------+---------+
|method   |43     |126        |-83.00     |100.00      |0.00     |
+---------+-------+-----------+-----------+------------+---------+
|function |24     |31         |-7.00      |100.00      |0.00     |
+---------+-------+-----------+-----------+------------+---------+



1732 lines have been analyzed

Raw metrics
-----------

+----------+-------+------+---------+-----------+
|type      |number |%     |previous |difference |
+==========+=======+======+=========+===========+
|code      |1104   |63.74 |1941     |-837.00    |
+----------+-------+------+---------+-----------+
|docstring |325    |18.76 |1063     |-738.00    |
+----------+-------+------+---------+-----------+
|comment   |93     |5.37  |297      |-204.00    |
+----------+-------+------+---------+-----------+
|empty     |210    |12.12 |464      |-254.00    |
+----------+-------+------+---------+-----------+



Duplication
-----------

+-------------------------+------+---------+-----------+
|                         |now   |previous |difference |
+=========================+======+=========+===========+
|nb duplicated lines      |0     |0        |0          |
+-------------------------+------+---------+-----------+
|percent duplicated lines |0.000 |0.000    |=          |
+-------------------------+------+---------+-----------+



Messages by category
--------------------

+-----------+-------+---------+-----------+
|type       |number |previous |difference |
+===========+=======+=========+===========+
|convention |0      |0        |0          |
+-----------+-------+---------+-----------+
|refactor   |0      |0        |0          |
+-----------+-------+---------+-----------+
|warning    |0      |0        |0          |
+-----------+-------+---------+-----------+
|error      |0      |0        |0          |
+-----------+-------+---------+-----------+



Messages
--------

+-----------+------------+
|message id |occurrences |
+===========+============+




--------------------------------------------------------------------
Your code has been rated at 10.00/10 (previous run: 10.00/10, +0.00)

